<?xml version="1.0" encoding="UTF-8"?>
<!-- Generated by org.testng.reporters.JUnitXMLReporter -->
<testsuite ignored="8" hostname="LAPTOP-70INTCVL" failures="0" tests="5" name="Surefire test" time="14.499" errors="0" timestamp="28 Dec 2023 08:55:31 GMT">
  <testcase classname="org.saucedemo.Testcases.Test_001_Login" name="LoginTest" time="1.174"/>
  <testcase classname="org.saucedemo.Testcases.Test_002_MenuTest" name="menuTest" time="6.695"/>
  <testcase classname="org.saucedemo.Testcases.Test_003_ProductTest" name="TestProduct" time="0.368"/>
  <testcase classname="org.saucedemo.Testcases.Test_004_CartTest" name="TestCart" time="0.516"/>
  <testcase classname="org.saucedemo.Testcases.Test_005_CheckoutTest" name="TestCheckout" time="0.433"/>
  <testcase classname="org.saucedemo.Testcases.BasePage" name="@AfterTest tearDown" time="0.0">
    <ignored/>
  </testcase> <!-- @AfterTest tearDown -->
  <testcase classname="org.saucedemo.Testcases.BasePage" name="@AfterTest tearDown" time="0.0">
    <ignored/>
  </testcase> <!-- @AfterTest tearDown -->
  <testcase classname="org.saucedemo.Testcases.BasePage" name="@AfterTest tearDown" time="0.0">
    <ignored/>
  </testcase> <!-- @AfterTest tearDown -->
  <testcase classname="org.saucedemo.Testcases.BasePage" name="@AfterTest tearDown" time="0.0">
    <ignored/>
  </testcase> <!-- @AfterTest tearDown -->
  <testcase classname="org.saucedemo.Testcases.BasePage" name="@BeforeTest setup" time="0.0">
    <ignored/>
  </testcase> <!-- @BeforeTest setup -->
  <testcase classname="org.saucedemo.Testcases.BasePage" name="@BeforeTest setup" time="0.0">
    <ignored/>
  </testcase> <!-- @BeforeTest setup -->
  <testcase classname="org.saucedemo.Testcases.BasePage" name="@BeforeTest setup" time="0.0">
    <ignored/>
  </testcase> <!-- @BeforeTest setup -->
  <testcase classname="org.saucedemo.Testcases.BasePage" name="@BeforeTest setup" time="0.0">
    <ignored/>
  </testcase> <!-- @BeforeTest setup -->
</testsuite> <!-- Surefire test -->
