<?xml version="1.0" encoding="UTF-8"?>
<!-- Generated by org.testng.reporters.JUnitXMLReporter -->
<testsuite ignored="6" hostname="LAPTOP-70INTCVL" failures="0" tests="4" name="Test" time="7.555" errors="0" timestamp="2023-12-28T14:22:02 IST">
  <testcase classname="org.saucedemo.Testcases.Test_001_Login" name="LoginTest" time="1.218"/>
  <testcase classname="org.saucedemo.Testcases.ProductTest" name="TestProduct" time="0.414"/>
  <testcase classname="org.saucedemo.Testcases.CartTest" name="TestCart" time="0.486"/>
  <testcase classname="org.saucedemo.Testcases.CheckoutTest" name="TestCheckout" time="0.397"/>
  <testcase classname="org.saucedemo.Testcases.BasePage" name="@BeforeTest setup" time="0.0">
    <ignored/>
  </testcase> <!-- @BeforeTest setup -->
  <testcase classname="org.saucedemo.Testcases.BasePage" name="@BeforeTest setup" time="0.0">
    <ignored/>
  </testcase> <!-- @BeforeTest setup -->
  <testcase classname="org.saucedemo.Testcases.BasePage" name="@BeforeTest setup" time="0.0">
    <ignored/>
  </testcase> <!-- @BeforeTest setup -->
  <testcase classname="org.saucedemo.Testcases.BasePage" name="@AfterTest tearDown" time="0.0">
    <ignored/>
  </testcase> <!-- @AfterTest tearDown -->
  <testcase classname="org.saucedemo.Testcases.BasePage" name="@AfterTest tearDown" time="0.0">
    <ignored/>
  </testcase> <!-- @AfterTest tearDown -->
  <testcase classname="org.saucedemo.Testcases.BasePage" name="@AfterTest tearDown" time="0.0">
    <ignored/>
  </testcase> <!-- @AfterTest tearDown -->
</testsuite> <!-- Test -->
