<?xml version="1.0" encoding="UTF-8"?>
<!-- Generated by org.testng.reporters.JUnitXMLReporter -->
<testsuite ignored="8" hostname="LAPTOP-70INTCVL" failures="0" tests="5" name="Test" time="18.589" errors="0" timestamp="30 Dec 2023 07:26:26 GMT">
  <testcase classname="org.saucedemo.Testcases.Test_001_Login" name="LoginTest" time="1.448"/>
  <testcase classname="org.saucedemo.Testcases.MenuTest" name="menuTest" time="8.794"/>
  <testcase classname="org.saucedemo.Testcases.ProductTest" name="TestProduct" time="0.45"/>
  <testcase classname="org.saucedemo.Testcases.CartTest" name="TestCart" time="0.546"/>
  <testcase classname="org.saucedemo.Testcases.CheckoutTest" name="TestCheckout" time="0.469"/>
  <testcase classname="org.saucedemo.Testcases.BasePage" name="@AfterTest tearDown" time="0.0">
    <ignored/>
  </testcase> <!-- @AfterTest tearDown -->
  <testcase classname="org.saucedemo.Testcases.BasePage" name="@AfterTest tearDown" time="0.0">
    <ignored/>
  </testcase> <!-- @AfterTest tearDown -->
  <testcase classname="org.saucedemo.Testcases.BasePage" name="@AfterTest tearDown" time="0.0">
    <ignored/>
  </testcase> <!-- @AfterTest tearDown -->
  <testcase classname="org.saucedemo.Testcases.BasePage" name="@AfterTest tearDown" time="0.0">
    <ignored/>
  </testcase> <!-- @AfterTest tearDown -->
  <testcase classname="org.saucedemo.Testcases.BasePage" name="@BeforeTest setup" time="0.0">
    <ignored/>
  </testcase> <!-- @BeforeTest setup -->
  <testcase classname="org.saucedemo.Testcases.BasePage" name="@BeforeTest setup" time="0.0">
    <ignored/>
  </testcase> <!-- @BeforeTest setup -->
  <testcase classname="org.saucedemo.Testcases.BasePage" name="@BeforeTest setup" time="0.0">
    <ignored/>
  </testcase> <!-- @BeforeTest setup -->
  <testcase classname="org.saucedemo.Testcases.BasePage" name="@BeforeTest setup" time="0.0">
    <ignored/>
  </testcase> <!-- @BeforeTest setup -->
</testsuite> <!-- Test -->
