<?xml version="1.0" encoding="UTF-8"?>
<testng-results ignored="8" total="13" passed="5" failed="0" skipped="0">
  <reporter-output>
  </reporter-output>
  <suite started-at="2023-12-28T13:40:10Z" name="Suite" finished-at="2023-12-28T13:40:29Z" duration-ms="18785">
    <groups>
    </groups>
    <test started-at="2023-12-28T13:40:10Z" name="Test" finished-at="2023-12-28T13:40:29Z" duration-ms="18785">
      <class name="org.saucedemo.Testcases.Test_001_Login">
        <test-method is-config="true" signature="setup()[pri:0, instance:org.saucedemo.Testcases.Test_001_Login@4d1c005e]" started-at="2023-12-28T13:40:10Z" name="setup" finished-at="2023-12-28T13:40:16Z" duration-ms="5921" status="PASS">
          <reporter-output>
          </reporter-output>
        </test-method> <!-- setup -->
        <test-method signature="LoginTest()[pri:0, instance:org.saucedemo.Testcases.Test_001_Login@4d1c005e]" started-at="2023-12-28T13:40:16Z" name="LoginTest" finished-at="2023-12-28T13:40:18Z" duration-ms="1439" status="PASS">
          <reporter-output>
          </reporter-output>
        </test-method> <!-- LoginTest -->
        <test-method is-config="true" signature="tearDown()[pri:0, instance:org.saucedemo.Testcases.Test_001_Login@4d1c005e]" started-at="2023-12-28T13:40:28Z" name="tearDown" finished-at="2023-12-28T13:40:29Z" duration-ms="1473" status="PASS">
          <reporter-output>
          </reporter-output>
        </test-method> <!-- tearDown -->
      </class> <!-- org.saucedemo.Testcases.Test_001_Login -->
      <class name="org.saucedemo.Testcases.ProductTest">
        <test-method signature="TestProduct()[pri:0, instance:org.saucedemo.Testcases.ProductTest@24569dba]" started-at="2023-12-28T13:40:26Z" name="TestProduct" finished-at="2023-12-28T13:40:27Z" duration-ms="399" status="PASS">
          <reporter-output>
          </reporter-output>
        </test-method> <!-- TestProduct -->
      </class> <!-- org.saucedemo.Testcases.ProductTest -->
      <class name="org.saucedemo.Testcases.MenuTest">
        <test-method signature="menuTest()[pri:0, instance:org.saucedemo.Testcases.MenuTest@8462f31]" started-at="2023-12-28T13:40:18Z" name="menuTest" finished-at="2023-12-28T13:40:26Z" duration-ms="8526" status="PASS">
          <reporter-output>
          </reporter-output>
        </test-method> <!-- menuTest -->
      </class> <!-- org.saucedemo.Testcases.MenuTest -->
      <class name="org.saucedemo.Testcases.CartTest">
        <test-method signature="TestCart()[pri:0, instance:org.saucedemo.Testcases.CartTest@5ddeb7cb]" started-at="2023-12-28T13:40:27Z" name="TestCart" finished-at="2023-12-28T13:40:27Z" duration-ms="498" status="PASS">
          <reporter-output>
          </reporter-output>
        </test-method> <!-- TestCart -->
      </class> <!-- org.saucedemo.Testcases.CartTest -->
      <class name="org.saucedemo.Testcases.CheckoutTest">
        <test-method signature="TestCheckout()[pri:0, instance:org.saucedemo.Testcases.CheckoutTest@70ed52de]" started-at="2023-12-28T13:40:27Z" name="TestCheckout" finished-at="2023-12-28T13:40:28Z" duration-ms="491" status="PASS">
          <reporter-output>
          </reporter-output>
        </test-method> <!-- TestCheckout -->
      </class> <!-- org.saucedemo.Testcases.CheckoutTest -->
    </test> <!-- Test -->
  </suite> <!-- Suite -->
</testng-results>
