<?xml version="1.0" encoding="UTF-8"?>
<testsuite xmlns:xsi="http://www.w3.org/2001/XMLSchema-instance" xsi:noNamespaceSchemaLocation="https://maven.apache.org/surefire/maven-surefire-plugin/xsd/surefire-test-report-3.0.xsd" version="3.0" name="TestSuite" time="19.873" tests="5" errors="0" skipped="0" failures="0">
  <properties>
[...]
</properties>
  <testcase name="LoginTest" classname="org.saucedemo.Testcases.Test_001_Login" time="1.456">
    <system-out><![CDATA[[TestNGContentHandler] [WARN] It is strongly recommended to add "<!DOCTYPE suite SYSTEM "http://testng.org/testng-1.0.dtd" >" at the top of your file, otherwise TestNG may fail or not work as expected.
]]></system-out>
    <system-err><![CDATA[SLF4J: Failed to load class "org.slf4j.impl.StaticLoggerBinder".
SLF4J: Defaulting to no-operation (NOP) logger implementation
SLF4J: See http://www.slf4j.org/codes.html#StaticLoggerBinder for further details.
1703921169041	geckodriver	INFO	Listening on 127.0.0.1:55259
1703921169427	mozrunner::runner	INFO	Running command: "C:\\Program Files\\Mozilla Firefox\\firefox.exe" "--marionette" "--remote-debugging-port" "50034" "--remote ... localhost:50034/,http://[::1]:50034/" "-no-remote" "-profile" "C:\\Users\\sumit\\AppData\\Local\\Temp\\rust_mozprofilePPWDPy"
console.warn: services.settings: Ignoring preference override of remote settings server
console.warn: services.settings: Allow by setting MOZ_REMOTE_SETTINGS_DEVTOOLS=1 in the environment
1703921169869	Marionette	INFO	Marionette enabled
Dynamically enable window occlusion 0
1703921170085	Marionette	INFO	Listening on port 61572
Read port: 61572
WebDriver BiDi listening on ws://127.0.0.1:50034
1703921170221	RemoteAgent	WARN	TLS certificate errors will be ignored for this session
DevTools listening on ws://127.0.0.1:50034/devtools/browser/be5d93e1-c4e4-41f4-a317-91a05b129a35
Dec 30, 2023 12:56:12 PM org.openqa.selenium.remote.ProtocolHandshake createSession
INFO: Detected upstream dialect: W3C
console.warn: LoginRecipes: "Falling back to a synchronous message for: https://www.saucedemo.com."
console.warn: LoginRecipes: "Falling back to a synchronous message for: https://www.saucedemo.com."
]]></system-err>
  </testcase>
  <testcase name="menuTest" classname="org.saucedemo.Testcases.MenuTest" time="8.776">
    <system-err><![CDATA[JavaScript warning: https://www.saucedemo.com/static/js/2.9b02e67e.chunk.js, line 2: Script terminated by timeout at:
get@https://www.saucedemo.com/static/js/2.9b02e67e.chunk.js:2:118280
r/936/n/7429/value/<@https://www.saucedemo.com/static/js/2.9b02e67e.chunk.js:2:51414

JavaScript warning: https://saucelabs.com/, line 30: Script terminated by timeout at:
i@https://saucelabs.com/:30:10986
v@https://saucelabs.com/:30:6734
m@https://saucelabs.com/:30:6832
m@https://saucelabs.com/:30:6809
m@https://saucelabs.com/:30:6809
n@https://saucelabs.com/:30:35703
nrWrapper@https://saucelabs.com/:30:35528

1703921183156	Marionette	WARN	Ignoring event 'DOMContentLoaded' because document has an invalid readyState of 'complete'.
]]></system-err>
  </testcase>
  <testcase name="TestProduct" classname="org.saucedemo.Testcases.ProductTest" time="0.451"/>
  <testcase name="TestCart" classname="org.saucedemo.Testcases.CartTest" time="0.546"/>
  <testcase name="TestCheckout" classname="org.saucedemo.Testcases.CheckoutTest" time="0.472">
    <system-out><![CDATA[Total Price is in $xx.yy format!
]]></system-out>
    <system-err><![CDATA[console.warn: LoginRecipes: "Falling back to a synchronous message for: https://www.saucedemo.com."
]]></system-err>
  </testcase>
</testsuite>