<?xml version="1.0" encoding="UTF-8"?>
<testng-results ignored="0" total="1" passed="1" failed="0" skipped="0">
  <reporter-output>
  </reporter-output>
  <suite started-at="2023-12-28T14:38:17 IST" name="Default suite" finished-at="2023-12-28T14:38:24 IST" duration-ms="6602">
    <groups>
    </groups>
    <test started-at="2023-12-28T14:38:17 IST" name="Default test" finished-at="2023-12-28T14:38:24 IST" duration-ms="6602">
      <class name="org.saucedemo.Testcases.Test_001_Login">
        <test-method is-config="true" signature="setup()[pri:0, instance:org.saucedemo.Testcases.Test_001_Login@4567f35d]" started-at="2023-12-28T14:38:17 IST" name="setup" finished-at="2023-12-28T14:38:21 IST" duration-ms="4116" status="PASS">
          <reporter-output>
          </reporter-output>
        </test-method> <!-- setup -->
        <test-method signature="LoginTest()[pri:0, instance:org.saucedemo.Testcases.Test_001_Login@4567f35d]" started-at="2023-12-28T14:38:22 IST" name="LoginTest" finished-at="2023-12-28T14:38:23 IST" duration-ms="1199" status="PASS">
          <reporter-output>
          </reporter-output>
        </test-method> <!-- LoginTest -->
        <test-method is-config="true" signature="tearDown()[pri:0, instance:org.saucedemo.Testcases.Test_001_Login@4567f35d]" started-at="2023-12-28T14:38:23 IST" name="tearDown" finished-at="2023-12-28T14:38:24 IST" duration-ms="1239" status="PASS">
          <reporter-output>
          </reporter-output>
        </test-method> <!-- tearDown -->
      </class> <!-- org.saucedemo.Testcases.Test_001_Login -->
    </test> <!-- Default test -->
  </suite> <!-- Default suite -->
</testng-results>
